[job-1] Running shell script
+ mvn -f spring-boot-samples/spring-boot-sample-atmosphere/pom.xml package
[INFO] Scanning for projects...
[INFO] 
[INFO] -------< org.springframework.boot:spring-boot-sample-atmosphere >-------
[INFO] Building Spring Boot Atmosphere Sample 1.4.0.BUILD-SNAPSHOT
[INFO] --------------------------------[ jar ]---------------------------------
[INFO] 
[INFO] --- jacoco-maven-plugin:0.7.7.201606060606:prepare-agent (default-prepare-agent) @ spring-boot-sample-atmosphere ---
[INFO] argLine set to -javaagent:/Users/ravikiranmaroju/.m2/repository/org/jacoco/org.jacoco.agent/0.7.7.201606060606/org.jacoco.agent-0.7.7.201606060606-runtime.jar=destfile=/Users/ravikiranmaroju/.jenkins/workspace/job-1/spring-boot-samples/spring-boot-sample-atmosphere/target/jacoco.exec
[INFO] 
[INFO] --- maven-resources-plugin:2.6:resources (default-resources) @ spring-boot-sample-atmosphere ---
[INFO] Using 'UTF-8' encoding to copy filtered resources.
[INFO] Copying 1 resource
[INFO] Copying 3 resources
[INFO] 
[INFO] --- maven-compiler-plugin:3.1:compile (default-compile) @ spring-boot-sample-atmosphere ---
[INFO] Changes detected - recompiling the module!
[INFO] Compiling 3 source files to /Users/ravikiranmaroju/.jenkins/workspace/job-1/spring-boot-samples/spring-boot-sample-atmosphere/target/classes
[INFO] 
[INFO] --- maven-resources-plugin:2.6:testResources (default-testResources) @ spring-boot-sample-atmosphere ---
[INFO] Using 'UTF-8' encoding to copy filtered resources.
[INFO] skip non existing resourceDirectory /Users/ravikiranmaroju/.jenkins/workspace/job-1/spring-boot-samples/spring-boot-sample-atmosphere/src/test/resources
[INFO] 
[INFO] --- maven-compiler-plugin:3.1:testCompile (default-testCompile) @ spring-boot-sample-atmosphere ---
[INFO] Changes detected - recompiling the module!
[INFO] Compiling 1 source file to /Users/ravikiranmaroju/.jenkins/workspace/job-1/spring-boot-samples/spring-boot-sample-atmosphere/target/test-classes
[INFO] 
[INFO] --- maven-surefire-plugin:2.18.1:test (default-test) @ spring-boot-sample-atmosphere ---
[INFO] Surefire report directory: /Users/ravikiranmaroju/.jenkins/workspace/job-1/spring-boot-samples/spring-boot-sample-atmosphere/target/surefire-reports

-------------------------------------------------------
 T E S T S
-------------------------------------------------------
12:03:40.253 [main] DEBUG org.springframework.test.context.junit4.SpringJUnit4ClassRunner - SpringJUnit4ClassRunner constructor called with [class sample.atmosphere.SampleAtmosphereApplicationTests]
12:03:40.274 [main] DEBUG org.springframework.test.context.BootstrapUtils - Instantiating CacheAwareContextLoaderDelegate from class [org.springframework.test.context.cache.DefaultCacheAwareContextLoaderDelegate]
12:03:40.323 [main] DEBUG org.springframework.test.context.BootstrapUtils - Instantiating BootstrapContext using constructor [public org.springframework.test.context.support.DefaultBootstrapContext(java.lang.Class,org.springframework.test.context.CacheAwareContextLoaderDelegate)]
12:03:40.402 [main] DEBUG org.springframework.test.context.BootstrapUtils - Instantiating TestContextBootstrapper for test class [sample.atmosphere.SampleAtmosphereApplicationTests] from class [org.springframework.boot.test.context.SpringBootTestContextBootstrapper]
12:03:40.435 [main] INFO org.springframework.boot.test.context.SpringBootTestContextBootstrapper - Neither @ContextConfiguration nor @ContextHierarchy found for test class [sample.atmosphere.SampleAtmosphereApplicationTests], using SpringBootContextLoader
12:03:40.450 [main] DEBUG org.springframework.test.context.support.AbstractContextLoader - Did not detect default resource location for test class [sample.atmosphere.SampleAtmosphereApplicationTests]: class path resource [sample/atmosphere/SampleAtmosphereApplicationTests-context.xml] does not exist
12:03:40.451 [main] DEBUG org.springframework.test.context.support.AbstractContextLoader - Did not detect default resource location for test class [sample.atmosphere.SampleAtmosphereApplicationTests]: class path resource [sample/atmosphere/SampleAtmosphereApplicationTestsContext.groovy] does not exist
12:03:40.451 [main] INFO org.springframework.test.context.support.AbstractContextLoader - Could not detect default resource locations for test class [sample.atmosphere.SampleAtmosphereApplicationTests]: no resource found for suffixes {-context.xml, Context.groovy}.
12:03:40.545 [main] DEBUG org.springframework.test.context.support.ActiveProfilesUtils - Could not find an 'annotation declaring class' for annotation type [org.springframework.test.context.ActiveProfiles] and class [sample.atmosphere.SampleAtmosphereApplicationTests]
12:03:40.590 [main] DEBUG org.springframework.boot.test.context.SpringBootTestContextBootstrapper - @TestExecutionListeners is not present for class [sample.atmosphere.SampleAtmosphereApplicationTests]: using defaults.
12:03:40.595 [main] INFO org.springframework.boot.test.context.SpringBootTestContextBootstrapper - Loaded default TestExecutionListener class names from location [META-INF/spring.factories]: [org.springframework.boot.test.mock.mockito.MockitoTestExecutionListener, org.springframework.boot.test.mock.mockito.ResetMocksTestExecutionListener, org.springframework.boot.test.autoconfigure.AutoConfigureReportTestExecutionListener, org.springframework.boot.test.autoconfigure.restdocs.RestDocsTestExecutionListener, org.springframework.boot.test.autoconfigure.web.client.MockRestServiceServerResetTestExecutionListener, org.springframework.test.context.web.ServletTestExecutionListener, org.springframework.test.context.support.DirtiesContextBeforeModesTestExecutionListener, org.springframework.test.context.support.DependencyInjectionTestExecutionListener, org.springframework.test.context.support.DirtiesContextTestExecutionListener, org.springframework.test.context.transaction.TransactionalTestExecutionListener, org.springframework.test.context.jdbc.SqlScriptsTestExecutionListener]
12:03:40.611 [main] INFO org.springframework.boot.test.context.SpringBootTestContextBootstrapper - Could not instantiate TestExecutionListener [org.springframework.test.context.transaction.TransactionalTestExecutionListener]. Specify custom listener classes or make the default listener classes (and their required dependencies) available. Offending class: [org/springframework/transaction/interceptor/TransactionAttributeSource]
12:03:40.619 [main] INFO org.springframework.boot.test.context.SpringBootTestContextBootstrapper - Could not instantiate TestExecutionListener [org.springframework.test.context.jdbc.SqlScriptsTestExecutionListener]. Specify custom listener classes or make the default listener classes (and their required dependencies) available. Offending class: [org/springframework/transaction/interceptor/TransactionAttribute]
12:03:40.619 [main] INFO org.springframework.boot.test.context.SpringBootTestContextBootstrapper - Using TestExecutionListeners: [org.springframework.test.context.web.ServletTestExecutionListener@3eba57a7, org.springframework.test.context.support.DirtiesContextBeforeModesTestExecutionListener@272a179c, org.springframework.boot.test.autoconfigure.AutoConfigureReportTestExecutionListener@30feffc, org.springframework.test.context.support.DependencyInjectionTestExecutionListener@67207d8a, org.springframework.test.context.support.DirtiesContextTestExecutionListener@bcb09a6, org.springframework.boot.test.mock.mockito.MockitoTestExecutionListener@7c2a69b4, org.springframework.boot.test.autoconfigure.web.client.MockRestServiceServerResetTestExecutionListener@a619c2, org.springframework.boot.test.mock.mockito.ResetMocksTestExecutionListener@648ee871, org.springframework.boot.test.autoconfigure.restdocs.RestDocsTestExecutionListener@375b5b7f]
12:03:40.625 [main] DEBUG org.springframework.test.annotation.ProfileValueUtils - Retrieved @ProfileValueSourceConfiguration [null] for test class [sample.atmosphere.SampleAtmosphereApplicationTests]
12:03:40.633 [main] DEBUG org.springframework.test.annotation.ProfileValueUtils - Retrieved ProfileValueSource type [class org.springframework.test.annotation.SystemProfileValueSource] for class [sample.atmosphere.SampleAtmosphereApplicationTests]
Running sample.atmosphere.SampleAtmosphereApplicationTests
12:03:40.640 [main] DEBUG org.springframework.test.context.junit4.SpringJUnit4ClassRunner - SpringJUnit4ClassRunner constructor called with [class sample.atmosphere.SampleAtmosphereApplicationTests]
12:03:40.640 [main] DEBUG org.springframework.test.context.BootstrapUtils - Instantiating CacheAwareContextLoaderDelegate from class [org.springframework.test.context.cache.DefaultCacheAwareContextLoaderDelegate]
12:03:40.640 [main] DEBUG org.springframework.test.context.BootstrapUtils - Instantiating BootstrapContext using constructor [public org.springframework.test.context.support.DefaultBootstrapContext(java.lang.Class,org.springframework.test.context.CacheAwareContextLoaderDelegate)]
12:03:40.641 [main] DEBUG org.springframework.test.context.BootstrapUtils - Instantiating TestContextBootstrapper for test class [sample.atmosphere.SampleAtmosphereApplicationTests] from class [org.springframework.boot.test.context.SpringBootTestContextBootstrapper]
12:03:40.643 [main] INFO org.springframework.boot.test.context.SpringBootTestContextBootstrapper - Neither @ContextConfiguration nor @ContextHierarchy found for test class [sample.atmosphere.SampleAtmosphereApplicationTests], using SpringBootContextLoader
12:03:40.644 [main] DEBUG org.springframework.test.context.support.AbstractContextLoader - Did not detect default resource location for test class [sample.atmosphere.SampleAtmosphereApplicationTests]: class path resource [sample/atmosphere/SampleAtmosphereApplicationTests-context.xml] does not exist
12:03:40.645 [main] DEBUG org.springframework.test.context.support.AbstractContextLoader - Did not detect default resource location for test class [sample.atmosphere.SampleAtmosphereApplicationTests]: class path resource [sample/atmosphere/SampleAtmosphereApplicationTestsContext.groovy] does not exist
12:03:40.648 [main] INFO org.springframework.test.context.support.AbstractContextLoader - Could not detect default resource locations for test class [sample.atmosphere.SampleAtmosphereApplicationTests]: no resource found for suffixes {-context.xml, Context.groovy}.
12:03:40.656 [main] DEBUG org.springframework.test.context.support.ActiveProfilesUtils - Could not find an 'annotation declaring class' for annotation type [org.springframework.test.context.ActiveProfiles] and class [sample.atmosphere.SampleAtmosphereApplicationTests]
12:03:40.662 [main] DEBUG org.springframework.boot.test.context.SpringBootTestContextBootstrapper - @TestExecutionListeners is not present for class [sample.atmosphere.SampleAtmosphereApplicationTests]: using defaults.
12:03:40.669 [main] INFO org.springframework.boot.test.context.SpringBootTestContextBootstrapper - Loaded default TestExecutionListener class names from location [META-INF/spring.factories]: [org.springframework.boot.test.mock.mockito.MockitoTestExecutionListener, org.springframework.boot.test.mock.mockito.ResetMocksTestExecutionListener, org.springframework.boot.test.autoconfigure.AutoConfigureReportTestExecutionListener, org.springframework.boot.test.autoconfigure.restdocs.RestDocsTestExecutionListener, org.springframework.boot.test.autoconfigure.web.client.MockRestServiceServerResetTestExecutionListener, org.springframework.test.context.web.ServletTestExecutionListener, org.springframework.test.context.support.DirtiesContextBeforeModesTestExecutionListener, org.springframework.test.context.support.DependencyInjectionTestExecutionListener, org.springframework.test.context.support.DirtiesContextTestExecutionListener, org.springframework.test.context.transaction.TransactionalTestExecutionListener, org.springframework.test.context.jdbc.SqlScriptsTestExecutionListener]
12:03:40.670 [main] INFO org.springframework.boot.test.context.SpringBootTestContextBootstrapper - Could not instantiate TestExecutionListener [org.springframework.test.context.transaction.TransactionalTestExecutionListener]. Specify custom listener classes or make the default listener classes (and their required dependencies) available. Offending class: [org/springframework/transaction/interceptor/TransactionAttributeSource]
12:03:40.671 [main] INFO org.springframework.boot.test.context.SpringBootTestContextBootstrapper - Could not instantiate TestExecutionListener [org.springframework.test.context.jdbc.SqlScriptsTestExecutionListener]. Specify custom listener classes or make the default listener classes (and their required dependencies) available. Offending class: [org/springframework/transaction/interceptor/TransactionAttribute]
12:03:40.671 [main] INFO org.springframework.boot.test.context.SpringBootTestContextBootstrapper - Using TestExecutionListeners: [org.springframework.test.context.web.ServletTestExecutionListener@1a5b8489, org.springframework.test.context.support.DirtiesContextBeforeModesTestExecutionListener@6f8f8a80, org.springframework.boot.test.autoconfigure.AutoConfigureReportTestExecutionListener@4b1c0397, org.springframework.test.context.support.DependencyInjectionTestExecutionListener@72805168, org.springframework.test.context.support.DirtiesContextTestExecutionListener@34b9fc7d, org.springframework.boot.test.mock.mockito.MockitoTestExecutionListener@27f1bbe0, org.springframework.boot.test.autoconfigure.web.client.MockRestServiceServerResetTestExecutionListener@cda0432, org.springframework.boot.test.mock.mockito.ResetMocksTestExecutionListener@7c211fd0, org.springframework.boot.test.autoconfigure.restdocs.RestDocsTestExecutionListener@7004e3d]
12:03:40.671 [main] DEBUG org.springframework.test.annotation.ProfileValueUtils - Retrieved @ProfileValueSourceConfiguration [null] for test class [sample.atmosphere.SampleAtmosphereApplicationTests]
12:03:40.671 [main] DEBUG org.springframework.test.annotation.ProfileValueUtils - Retrieved ProfileValueSource type [class org.springframework.test.annotation.SystemProfileValueSource] for class [sample.atmosphere.SampleAtmosphereApplicationTests]
12:03:40.673 [main] DEBUG org.springframework.test.annotation.ProfileValueUtils - Retrieved @ProfileValueSourceConfiguration [null] for test class [sample.atmosphere.SampleAtmosphereApplicationTests]
12:03:40.673 [main] DEBUG org.springframework.test.annotation.ProfileValueUtils - Retrieved ProfileValueSource type [class org.springframework.test.annotation.SystemProfileValueSource] for class [sample.atmosphere.SampleAtmosphereApplicationTests]
12:03:40.684 [main] DEBUG org.springframework.test.context.support.AbstractDirtiesContextTestExecutionListener - Before test class: context [DefaultTestContext@1917d90f testClass = SampleAtmosphereApplicationTests, testInstance = [null], testMethod = [null], testException = [null], mergedContextConfiguration = [WebMergedContextConfiguration@66bfd864 testClass = SampleAtmosphereApplicationTests, locations = '{}', classes = '{class sample.atmosphere.SampleAtmosphereApplication, class sample.atmosphere.SampleAtmosphereApplication}', contextInitializerClasses = '[]', activeProfiles = '{}', propertySourceLocations = '{}', propertySourceProperties = '{org.springframework.boot.test.context.SpringBootTestContextBootstrapper=true, server.port=0}', contextCustomizers = set[org.springframework.boot.test.context.SpringBootTestContextCustomizer@54e7391d, org.springframework.boot.test.context.filter.ExcludeFilterContextCustomizer@29d2d081, org.springframework.boot.test.mock.mockito.MockitoContextCustomizer@0, org.springframework.boot.test.autoconfigure.properties.PropertyMappingContextCustomizer@0], resourceBasePath = 'src/main/webapp', contextLoader = 'org.springframework.boot.test.context.SpringBootContextLoader', parent = [null]]], class annotated with @DirtiesContext [true] with mode [AFTER_CLASS].
12:03:40.686 [main] DEBUG org.springframework.test.annotation.ProfileValueUtils - Retrieved @ProfileValueSourceConfiguration [null] for test class [sample.atmosphere.SampleAtmosphereApplicationTests]
12:03:40.686 [main] DEBUG org.springframework.test.annotation.ProfileValueUtils - Retrieved ProfileValueSource type [class org.springframework.test.annotation.SystemProfileValueSource] for class [sample.atmosphere.SampleAtmosphereApplicationTests]
12:03:40.688 [main] DEBUG org.springframework.test.context.support.DependencyInjectionTestExecutionListener - Performing dependency injection for test context [[DefaultTestContext@1917d90f testClass = SampleAtmosphereApplicationTests, testInstance = sample.atmosphere.SampleAtmosphereApplicationTests@783ec989, testMethod = [null], testException = [null], mergedContextConfiguration = [WebMergedContextConfiguration@66bfd864 testClass = SampleAtmosphereApplicationTests, locations = '{}', classes = '{class sample.atmosphere.SampleAtmosphereApplication, class sample.atmosphere.SampleAtmosphereApplication}', contextInitializerClasses = '[]', activeProfiles = '{}', propertySourceLocations = '{}', propertySourceProperties = '{org.springframework.boot.test.context.SpringBootTestContextBootstrapper=true, server.port=0}', contextCustomizers = set[org.springframework.boot.test.context.SpringBootTestContextCustomizer@54e7391d, org.springframework.boot.test.context.filter.ExcludeFilterContextCustomizer@29d2d081, org.springframework.boot.test.mock.mockito.MockitoContextCustomizer@0, org.springframework.boot.test.autoconfigure.properties.PropertyMappingContextCustomizer@0], resourceBasePath = 'src/main/webapp', contextLoader = 'org.springframework.boot.test.context.SpringBootContextLoader', parent = [null]]]].
12:03:40.876 [main] DEBUG org.springframework.core.env.StandardEnvironment - Adding [systemProperties] PropertySource with lowest search precedence
12:03:40.878 [main] DEBUG org.springframework.core.env.StandardEnvironment - Adding [systemEnvironment] PropertySource with lowest search precedence
12:03:40.879 [main] DEBUG org.springframework.core.env.StandardEnvironment - Initialized StandardEnvironment with PropertySources [systemProperties,systemEnvironment]
12:03:40.884 [main] DEBUG org.springframework.test.context.support.TestPropertySourceUtils - Adding inlined properties to environment: {spring.jmx.enabled=false, org.springframework.boot.test.context.SpringBootTestContextBootstrapper=true, server.port=0}
12:03:40.885 [main] DEBUG org.springframework.core.env.StandardEnvironment - Adding [Inlined Test Properties] PropertySource with highest search precedence

  .   ____          _            __ _ _
 /\\ / ___'_ __ _ _(_)_ __  __ _ \ \ \ \
( ( )\___ | '_ | '_| | '_ \/ _` | \ \ \ \
 \\/  ___)| |_)| | | | | || (_| |  ) ) ) )
  '  |____| .__|_| |_|_| |_\__, | / / / /
 =========|_|==============|___/=/_/_/_/
 :: Spring Boot ::  (v1.4.0.BUILD-SNAPSHOT)

2018-10-11 12:03:42.430  INFO 2254 --- [           main] s.a.SampleAtmosphereApplicationTests     : Starting SampleAtmosphereApplicationTests on ravikirans-MacBook-Air.local with PID 2254 (started by ravikiranmaroju in /Users/ravikiranmaroju/.jenkins/workspace/job-1/spring-boot-samples/spring-boot-sample-atmosphere)
2018-10-11 12:03:42.434  INFO 2254 --- [           main] s.a.SampleAtmosphereApplicationTests     : No active profile set, falling back to default profiles: default
2018-10-11 12:03:42.544  INFO 2254 --- [           main] ationConfigEmbeddedWebApplicationContext : Refreshing org.springframework.boot.context.embedded.AnnotationConfigEmbeddedWebApplicationContext@6054ac20: startup date [Thu Oct 11 12:03:42 IST 2018]; root of context hierarchy
2018-10-11 12:03:44.706  INFO 2254 --- [           main] f.a.AutowiredAnnotationBeanPostProcessor : JSR-330 'javax.inject.Inject' annotation found and supported for autowiring
2018-10-11 12:03:45.704  INFO 2254 --- [           main] s.b.c.e.t.TomcatEmbeddedServletContainer : Tomcat initialized with port(s): 0 (http)
2018-10-11 12:03:45.734  INFO 2254 --- [           main] o.apache.catalina.core.StandardService   : Starting service Tomcat
2018-10-11 12:03:45.736  INFO 2254 --- [           main] org.apache.catalina.core.StandardEngine  : Starting Servlet Engine: Apache Tomcat/8.5.4
2018-10-11 12:03:45.968  INFO 2254 --- [ost-startStop-1] o.a.c.c.C.[Tomcat].[localhost].[/]       : Initializing Spring embedded WebApplicationContext
2018-10-11 12:03:45.968  INFO 2254 --- [ost-startStop-1] o.s.web.context.ContextLoader            : Root WebApplicationContext: initialization completed in 3431 ms
2018-10-11 12:03:46.299  INFO 2254 --- [ost-startStop-1] o.s.b.w.servlet.ServletRegistrationBean  : Mapping servlet: 'atmosphereServlet' to [/chat/*]
2018-10-11 12:03:46.302  INFO 2254 --- [ost-startStop-1] o.s.b.w.servlet.ServletRegistrationBean  : Mapping servlet: 'dispatcherServlet' to [/home/*]
2018-10-11 12:03:46.303  INFO 2254 --- [ost-startStop-1] o.a.c.c.C.[Tomcat].[localhost].[/]       : Initializing AtmosphereFramework
2018-10-11 12:03:46.412  INFO 2254 --- [ost-startStop-1] o.s.b.w.servlet.FilterRegistrationBean   : Mapping filter: 'characterEncodingFilter' to: [/*]
2018-10-11 12:03:46.413  INFO 2254 --- [ost-startStop-1] o.s.b.w.servlet.FilterRegistrationBean   : Mapping filter: 'hiddenHttpMethodFilter' to: [/*]
2018-10-11 12:03:46.414  INFO 2254 --- [ost-startStop-1] o.s.b.w.servlet.FilterRegistrationBean   : Mapping filter: 'httpPutFormContentFilter' to: [/*]
2018-10-11 12:03:46.414  INFO 2254 --- [ost-startStop-1] o.s.b.w.servlet.FilterRegistrationBean   : Mapping filter: 'requestContextFilter' to: [/*]
2018-10-11 12:03:47.208  INFO 2254 --- [           main] s.w.s.m.m.a.RequestMappingHandlerAdapter : Looking for @ControllerAdvice: org.springframework.boot.context.embedded.AnnotationConfigEmbeddedWebApplicationContext@6054ac20: startup date [Thu Oct 11 12:03:42 IST 2018]; root of context hierarchy
2018-10-11 12:03:47.374  INFO 2254 --- [           main] s.w.s.m.m.a.RequestMappingHandlerMapping : Mapped "{[/error]}" onto public org.springframework.http.ResponseEntity<java.util.Map<java.lang.String, java.lang.Object>> org.springframework.boot.autoconfigure.web.BasicErrorController.error(javax.servlet.http.HttpServletRequest)
2018-10-11 12:03:47.377  INFO 2254 --- [           main] s.w.s.m.m.a.RequestMappingHandlerMapping : Mapped "{[/error],produces=[text/html]}" onto public org.springframework.web.servlet.ModelAndView org.springframework.boot.autoconfigure.web.BasicErrorController.errorHtml(javax.servlet.http.HttpServletRequest,javax.servlet.http.HttpServletResponse)
2018-10-11 12:03:47.426  INFO 2254 --- [           main] o.s.w.s.handler.SimpleUrlHandlerMapping  : Root mapping to handler of type [class org.springframework.web.servlet.mvc.ParameterizableViewController]
2018-10-11 12:03:47.453  INFO 2254 --- [           main] o.s.w.s.handler.SimpleUrlHandlerMapping  : Mapped URL path [/webjars/**] onto handler of type [class org.springframework.web.servlet.resource.ResourceHttpRequestHandler]
2018-10-11 12:03:47.453  INFO 2254 --- [           main] o.s.w.s.handler.SimpleUrlHandlerMapping  : Mapped URL path [/**] onto handler of type [class org.springframework.web.servlet.resource.ResourceHttpRequestHandler]
2018-10-11 12:03:47.528  INFO 2254 --- [           main] o.s.w.s.handler.SimpleUrlHandlerMapping  : Mapped URL path [/**/favicon.ico] onto handler of type [class org.springframework.web.servlet.resource.ResourceHttpRequestHandler]
2018-10-11 12:03:47.822  INFO 2254 --- [           main] org.atmosphere.util.IOUtils              : META-INF/services/org.atmosphere.cpr.AtmosphereFramework not found in class loader
2018-10-11 12:03:48.005  INFO 2254 --- [           main] org.atmosphere.cpr.AtmosphereFramework   : Atmosphere is using org.atmosphere.cpr.DefaultAnnotationProcessor for processing annotation
2018-10-11 12:03:48.007  INFO 2254 --- [           main] o.a.cpr.DefaultAnnotationProcessor       : AnnotationProcessor class org.atmosphere.cpr.DefaultAnnotationProcessor$BytecodeBasedAnnotationProcessor being used
2018-10-11 12:03:48.050  INFO 2254 --- [           main] org.atmosphere.cpr.AnnotationHandler     : Found Annotation in class sample.atmosphere.ChatService being scanned: interface org.atmosphere.config.service.ManagedService
2018-10-11 12:03:48.107  INFO 2254 --- [           main] org.atmosphere.cpr.AtmosphereFramework   : Installed AtmosphereHandler org.atmosphere.config.managed.ManagedAtmosphereHandler mapped to context-path /chat and Broadcaster Class org.atmosphere.cpr.DefaultBroadcaster
2018-10-11 12:03:48.108  INFO 2254 --- [           main] org.atmosphere.cpr.AtmosphereFramework   : Installed AtmosphereInterceptor [@ManagedService Interceptor, Atmosphere LifeCycle,  Track Message Size Interceptor using |, UUID Tracking Interceptor] mapped to AtmosphereHandler org.atmosphere.config.managed.ManagedAtmosphereHandler
2018-10-11 12:03:48.120  INFO 2254 --- [           main] org.atmosphere.cpr.AtmosphereFramework   : Auto detecting WebSocketHandler in /WEB-INF/classes/
2018-10-11 12:03:48.121  INFO 2254 --- [           main] org.atmosphere.cpr.AtmosphereFramework   : Installed WebSocketProtocol org.atmosphere.websocket.protocol.SimpleHttpProtocol 
2018-10-11 12:03:48.133  INFO 2254 --- [           main] o.a.container.JSR356AsyncSupport         : JSR 356 Mapping path /chat
2018-10-11 12:03:48.170  INFO 2254 --- [           main] org.atmosphere.cpr.AtmosphereFramework   : Installing Default AtmosphereInterceptor
2018-10-11 12:03:48.172  INFO 2254 --- [           main] org.atmosphere.cpr.AtmosphereFramework   : 	org.atmosphere.interceptor.CorsInterceptor : CORS Interceptor Support
2018-10-11 12:03:48.173  INFO 2254 --- [           main] org.atmosphere.cpr.AtmosphereFramework   : 	org.atmosphere.interceptor.CacheHeadersInterceptor : Default Response's Headers Interceptor
2018-10-11 12:03:48.175  INFO 2254 --- [           main] org.atmosphere.cpr.AtmosphereFramework   : 	org.atmosphere.interceptor.PaddingAtmosphereInterceptor : Browser Padding Interceptor Support
2018-10-11 12:03:48.176  INFO 2254 --- [           main] org.atmosphere.cpr.AtmosphereFramework   : 	org.atmosphere.interceptor.AndroidAtmosphereInterceptor : Android Interceptor Support
2018-10-11 12:03:48.177  INFO 2254 --- [           main] org.atmosphere.cpr.AtmosphereFramework   : 	org.atmosphere.interceptor.HeartbeatInterceptor : Heartbeat Interceptor Support
2018-10-11 12:03:48.178  INFO 2254 --- [           main] org.atmosphere.cpr.AtmosphereFramework   : 	org.atmosphere.interceptor.SSEAtmosphereInterceptor : SSE Interceptor Support
2018-10-11 12:03:48.182  INFO 2254 --- [           main] org.atmosphere.cpr.AtmosphereFramework   : 	org.atmosphere.interceptor.JSONPAtmosphereInterceptor : JSONP Interceptor Support
2018-10-11 12:03:48.188  INFO 2254 --- [           main] org.atmosphere.cpr.AtmosphereFramework   : 	org.atmosphere.interceptor.JavaScriptProtocol : Atmosphere JavaScript Protocol
2018-10-11 12:03:48.189  INFO 2254 --- [           main] org.atmosphere.cpr.AtmosphereFramework   : 	org.atmosphere.interceptor.WebSocketMessageSuspendInterceptor : org.atmosphere.interceptor.WebSocketMessageSuspendInterceptor
2018-10-11 12:03:48.190  INFO 2254 --- [           main] org.atmosphere.cpr.AtmosphereFramework   : 	org.atmosphere.interceptor.OnDisconnectInterceptor : Browser disconnection detection
2018-10-11 12:03:48.192  INFO 2254 --- [           main] org.atmosphere.cpr.AtmosphereFramework   : 	org.atmosphere.interceptor.IdleResourceInterceptor : org.atmosphere.interceptor.IdleResourceInterceptor
2018-10-11 12:03:48.192  INFO 2254 --- [           main] org.atmosphere.cpr.AtmosphereFramework   : Set org.atmosphere.cpr.AtmosphereInterceptor.disableDefaults to disable them.
2018-10-11 12:03:48.204  INFO 2254 --- [           main] o.a.interceptor.HeartbeatInterceptor     : HeartbeatInterceptor configured with padding value ' ', client frequency 60 seconds and server frequency 10 seconds
2018-10-11 12:03:48.211  INFO 2254 --- [           main] org.atmosphere.cpr.AtmosphereFramework   : Using EndpointMapper class org.atmosphere.util.DefaultEndpointMapper
2018-10-11 12:03:48.212  INFO 2254 --- [           main] org.atmosphere.cpr.AtmosphereFramework   : Using BroadcasterCache: org.atmosphere.cache.UUIDBroadcasterCache
2018-10-11 12:03:48.222  INFO 2254 --- [           main] org.atmosphere.cpr.AtmosphereFramework   : Default Broadcaster Class: org.atmosphere.cpr.DefaultBroadcaster
2018-10-11 12:03:48.223  INFO 2254 --- [           main] org.atmosphere.cpr.AtmosphereFramework   : Broadcaster Polling Wait Time 100
2018-10-11 12:03:48.223  INFO 2254 --- [           main] org.atmosphere.cpr.AtmosphereFramework   : Shared ExecutorService supported: true
2018-10-11 12:03:48.225  INFO 2254 --- [           main] org.atmosphere.cpr.AtmosphereFramework   : Messaging Thread Pool Size: Unlimited
2018-10-11 12:03:48.225  INFO 2254 --- [           main] org.atmosphere.cpr.AtmosphereFramework   : Async I/O Thread Pool Size: 200
2018-10-11 12:03:48.225  INFO 2254 --- [           main] org.atmosphere.cpr.AtmosphereFramework   : Using BroadcasterFactory: org.atmosphere.cpr.DefaultBroadcasterFactory
2018-10-11 12:03:48.225  INFO 2254 --- [           main] org.atmosphere.cpr.AtmosphereFramework   : Using WebSocketProcessor: org.atmosphere.websocket.DefaultWebSocketProcessor
2018-10-11 12:03:48.238  INFO 2254 --- [           main] org.atmosphere.cpr.AtmosphereFramework   : Invoke AtmosphereInterceptor on WebSocket message true
2018-10-11 12:03:48.239  INFO 2254 --- [           main] org.atmosphere.cpr.AtmosphereFramework   : HttpSession supported: false
2018-10-11 12:03:48.240  INFO 2254 --- [           main] org.atmosphere.cpr.AtmosphereFramework   : Atmosphere is using DefaultAtmosphereObjectFactory for dependency injection and object creation
2018-10-11 12:03:48.240  INFO 2254 --- [           main] org.atmosphere.cpr.AtmosphereFramework   : Atmosphere is using async support: org.atmosphere.container.JSR356AsyncSupport running under container: Apache Tomcat/8.5.4 using javax.servlet/3.0 and jsr356/WebSocket API
2018-10-11 12:03:48.242  INFO 2254 --- [           main] org.atmosphere.cpr.AtmosphereFramework   : Atmosphere Framework 2.2.4 started.
2018-10-11 12:03:48.243  INFO 2254 --- [           main] org.atmosphere.cpr.AtmosphereFramework   : 

	For Atmosphere Framework Commercial Support, visit 
	http://www.async-io.org/ or send an email to support@async-io.org

2018-10-11 12:03:48.258  INFO 2254 --- [           main] s.b.c.e.t.TomcatEmbeddedServletContainer : Tomcat started on port(s): 50910 (http)
2018-10-11 12:03:48.272  INFO 2254 --- [           main] s.a.SampleAtmosphereApplicationTests     : Started SampleAtmosphereApplicationTests in 7.378 seconds (JVM running for 9.335)

  .   ____          _            __ _ _
 /\\ / ___'_ __ _ _(_)_ __  __ _ \ \ \ \
( ( )\___ | '_ | '_| | '_ \/ _` | \ \ \ \
 \\/  ___)| |_)| | | | | || (_| |  ) ) ) )
  '  |____| .__|_| |_|_| |_\__, | / / / /
 =========|_|==============|___/=/_/_/_/
 :: Spring Boot ::  (v1.4.0.BUILD-SNAPSHOT)

2018-10-11 12:03:48.385  INFO 2254 --- [           main] o.a.maven.surefire.booter.ForkedBooter   : Starting ForkedBooter v2.18.1 on ravikirans-MacBook-Air.local with PID 2254 (started by ravikiranmaroju in /Users/ravikiranmaroju/.jenkins/workspace/job-1/spring-boot-samples/spring-boot-sample-atmosphere)
2018-10-11 12:03:48.385  INFO 2254 --- [           main] o.a.maven.surefire.booter.ForkedBooter   : No active profile set, falling back to default profiles: default
2018-10-11 12:03:48.389  INFO 2254 --- [           main] s.c.a.AnnotationConfigApplicationContext : Refreshing org.springframework.context.annotation.AnnotationConfigApplicationContext@5138d63a: startup date [Thu Oct 11 12:03:48 IST 2018]; root of context hierarchy
2018-10-11 12:03:48.433  INFO 2254 --- [           main] f.a.AutowiredAnnotationBeanPostProcessor : JSR-330 'javax.inject.Inject' annotation found and supported for autowiring
2018-10-11 12:03:48.551  INFO 2254 --- [           main] o.s.c.support.DefaultLifecycleProcessor  : Starting beans in phase 2147483647
2018-10-11 12:03:48.552  INFO 2254 --- [           main] o.s.w.s.c.WebSocketConnectionManager     : Starting WebSocketConnectionManager
2018-10-11 12:03:48.553  INFO 2254 --- [           main] o.s.w.s.c.WebSocketConnectionManager     : Connecting to WebSocket at ws://localhost:50910/chat/websocket
2018-10-11 12:03:48.575  INFO 2254 --- [           main] s.a.SampleAtmosphereApplicationTests     : Waiting for response: latch=1
2018-10-11 12:03:48.847  INFO 2254 --- [cTaskExecutor-1] o.s.w.s.c.WebSocketConnectionManager     : Successfully connected
2018-10-11 12:03:48.872  INFO 2254 --- [       Thread-3] org.atmosphere.cpr.AtmosphereFramework   : Latest version of Atmosphere's JavaScript Client 2.3.6
2018-10-11 12:03:48.872  INFO 2254 --- [       Thread-3] org.atmosphere.cpr.AtmosphereFramework   : 

	Atmosphere Framework Updates
	Minor available (bugs fixes): 2.2.13-EOL-CVE
	Major available (new features): 2.5.0
2018-10-11 12:03:48.918  INFO 2254 --- [o-auto-1-exec-1] sample.atmosphere.ChatService            : Connected
2018-10-11 12:03:49.077  INFO 2254 --- [o-auto-1-exec-1] sample.atmosphere.ChatService            : Author test sent message test
2018-10-11 12:03:49.162  INFO 2254 --- [lient-AsyncIO-1] s.a.SampleAtmosphereApplicationTests     : Received: TextMessage payload=[55|{"messa..], byteCount=58, last=true] (1)
2018-10-11 12:03:49.169  INFO 2254 --- [           main] s.a.SampleAtmosphereApplicationTests     : Got response: 55|{"message":"test","author":"test","time":1539239629076}
2018-10-11 12:03:49.170  INFO 2254 --- [           main] o.a.maven.surefire.booter.ForkedBooter   : Started ForkedBooter in 0.858 seconds (JVM running for 10.233)
2018-10-11 12:03:49.170  INFO 2254 --- [o-auto-1-exec-3] sample.atmosphere.ChatService            : Client 78e48957-0ec6-4aac-89e0-7a6d6bb3dd31 disconnected [cancelled]
2018-10-11 12:03:49.172  INFO 2254 --- [           main] s.c.a.AnnotationConfigApplicationContext : Closing org.springframework.context.annotation.AnnotationConfigApplicationContext@5138d63a: startup date [Thu Oct 11 12:03:48 IST 2018]; root of context hierarchy
2018-10-11 12:03:49.175  INFO 2254 --- [           main] o.s.c.support.DefaultLifecycleProcessor  : Stopping beans in phase 2147483647
2018-10-11 12:03:49.176  INFO 2254 --- [           main] o.s.w.s.c.WebSocketConnectionManager     : Stopping WebSocketConnectionManager
2018-10-11 12:03:49.341  INFO 2254 --- [           main] ationConfigEmbeddedWebApplicationContext : Closing org.springframework.boot.context.embedded.AnnotationConfigEmbeddedWebApplicationContext@6054ac20: startup date [Thu Oct 11 12:03:42 IST 2018]; root of context hierarchy
Tests run: 1, Failures: 0, Errors: 0, Skipped: 0, Time elapsed: 8.741 sec - in sample.atmosphere.SampleAtmosphereApplicationTests

Results :

Tests run: 1, Failures: 0, Errors: 0, Skipped: 0

[INFO] 
[INFO] --- jacoco-maven-plugin:0.7.7.201606060606:report (default-report) @ spring-boot-sample-atmosphere ---
[INFO] Loading execution data file /Users/ravikiranmaroju/.jenkins/workspace/job-1/spring-boot-samples/spring-boot-sample-atmosphere/target/jacoco.exec
[INFO] Analyzed bundle 'Spring Boot Atmosphere Sample' with 6 classes
[INFO] 
[INFO] --- maven-jar-plugin:2.6:jar (default-jar) @ spring-boot-sample-atmosphere ---
[INFO] Building jar: /Users/ravikiranmaroju/.jenkins/workspace/job-1/spring-boot-samples/spring-boot-sample-atmosphere/target/spring-boot-sample-atmosphere-1.4.0.BUILD-SNAPSHOT.jar
[INFO] 
[INFO] --- spring-boot-maven-plugin:1.4.0.BUILD-SNAPSHOT:repackage (default) @ spring-boot-sample-atmosphere ---
[INFO] ------------------------------------------------------------------------
[INFO] BUILD SUCCESS
[INFO] ------------------------------------------------------------------------
[INFO] Total time: 17.809 s
[INFO] Finished at: 2018-10-11T12:03:52+05:30
[INFO] ------------------------------------------------------------------------
