[job-1] Running shell script
+ mvn -f spring-boot-samples/spring-boot-sample-atmosphere/pom.xml sonar:sonar -Dsonar.host.url=http://localhost:9000 -Dsonar.login=93041306e0c3726128b9516d26f5732f871fa0b9
[INFO] Scanning for projects...
[WARNING] The POM for org.eclipse.m2e:lifecycle-mapping:jar:1.0.0 is missing, no dependency information available
[WARNING] Failed to retrieve plugin descriptor for org.eclipse.m2e:lifecycle-mapping:1.0.0: Plugin org.eclipse.m2e:lifecycle-mapping:1.0.0 or one of its dependencies could not be resolved: Failure to find org.eclipse.m2e:lifecycle-mapping:jar:1.0.0 in http://repo.spring.io/snapshot was cached in the local repository, resolution will not be reattempted until the update interval of spring-snapshots has elapsed or updates are forced
[INFO] 
[INFO] -------< org.springframework.boot:spring-boot-sample-atmosphere >-------
[INFO] Building Spring Boot Atmosphere Sample 1.4.0.BUILD-SNAPSHOT
[INFO] --------------------------------[ jar ]---------------------------------
[WARNING] The POM for org.eclipse.m2e:lifecycle-mapping:jar:1.0.0 is missing, no dependency information available
[WARNING] Failed to retrieve plugin descriptor for org.eclipse.m2e:lifecycle-mapping:1.0.0: Plugin org.eclipse.m2e:lifecycle-mapping:1.0.0 or one of its dependencies could not be resolved: Failure to find org.eclipse.m2e:lifecycle-mapping:jar:1.0.0 in http://repo.spring.io/snapshot was cached in the local repository, resolution will not be reattempted until the update interval of spring-snapshots has elapsed or updates are forced
[INFO] 
[INFO] --- sonar-maven-plugin:3.5.0.1254:sonar (default-cli) @ spring-boot-sample-atmosphere ---
[INFO] User cache: /Users/ravikiranmaroju/.sonar/cache
[INFO] SonarQube version: 7.3.0
[INFO] Default locale: "en_IN", source code encoding: "UTF-8"
[INFO] Publish mode
[INFO] Load global settings
[INFO] Load global settings (done) | time=341ms
[INFO] Server id: BF41A1F2-AWZhvpZJPB8Y93iJhIT5
[INFO] User cache: /Users/ravikiranmaroju/.sonar/cache
[INFO] Load/download plugins
[INFO] Load plugins index
[INFO] Load plugins index (done) | time=151ms
[INFO] Load/download plugins (done) | time=225ms
[INFO] Loaded core extensions: 
[INFO] Process project properties
[INFO] Load project repositories
[INFO] Load project repositories (done) | time=419ms
[INFO] Load quality profiles
[INFO] Load quality profiles (done) | time=152ms
[INFO] Load active rules
[INFO] Load active rules (done) | time=2372ms
[INFO] Load metrics repository
[INFO] Load metrics repository (done) | time=37ms
[INFO] Project key: org.springframework.boot:spring-boot-sample-atmosphere
[INFO] Project base dir: /Users/ravikiranmaroju/.jenkins/workspace/job-1/spring-boot-samples/spring-boot-sample-atmosphere
[INFO] -------------  Scan Spring Boot Atmosphere Sample
[INFO] Base dir: /Users/ravikiranmaroju/.jenkins/workspace/job-1/spring-boot-samples/spring-boot-sample-atmosphere
[INFO] Working dir: /Users/ravikiranmaroju/.jenkins/workspace/job-1/spring-boot-samples/spring-boot-sample-atmosphere/target/sonar
[INFO] Source paths: pom.xml, src/main/java
[INFO] Test paths: src/test/java
[INFO] Source encoding: UTF-8, default locale: en_IN
[INFO] Load server rules
[INFO] Load server rules (done) | time=423ms
[INFO] Index files
[INFO] 5 files indexed
[INFO] Quality profile for java: Sonar way
[INFO] Quality profile for xml: Sonar way
[INFO] Sensor JavaSquidSensor [java]
[INFO] Configured Java source version (sonar.java.source): 8
[INFO] JavaClasspath initialization
[INFO] JavaClasspath initialization (done) | time=49ms
[INFO] JavaTestClasspath initialization
[INFO] JavaTestClasspath initialization (done) | time=8ms
[INFO] Java Main Files AST scan
[INFO] 3 source files to be analyzed
[WARNING] Metric 'comment_lines_data' is deprecated. Provided value is ignored.
[INFO] 3/3 source files have been analyzed
[INFO] Java Main Files AST scan (done) | time=2257ms
[INFO] Java Test Files AST scan
[INFO] 1 source files to be analyzed
[INFO] Java Test Files AST scan (done) | time=309ms
[INFO] Sensor JavaSquidSensor [java] (done) | time=4181ms
[INFO] Sensor SurefireSensor [java]
[INFO] 1/1 source files have been analyzed
[INFO] parsing [/Users/ravikiranmaroju/.jenkins/workspace/job-1/spring-boot-samples/spring-boot-sample-atmosphere/target/surefire-reports]
[INFO] Sensor SurefireSensor [java] (done) | time=273ms
[INFO] Sensor JaCoCoSensor [java]
[INFO] Analysing /Users/ravikiranmaroju/.jenkins/workspace/job-1/spring-boot-samples/spring-boot-sample-atmosphere/target/jacoco.exec
[INFO] No information about coverage per test.
[INFO] Sensor JaCoCoSensor [java] (done) | time=256ms
[INFO] Sensor SonarJavaXmlFileSensor [java]
[INFO] 1 source files to be analyzed
[INFO] 1/1 source files have been analyzed
[INFO] Sensor SonarJavaXmlFileSensor [java] (done) | time=1368ms
[INFO] Sensor XML Sensor [xml]
[INFO] Sensor XML Sensor [xml] (done) | time=454ms
[INFO] Sensor Zero Coverage Sensor
[INFO] Sensor Zero Coverage Sensor (done) | time=34ms
[INFO] Sensor Java CPD Block Indexer
[INFO] Sensor Java CPD Block Indexer (done) | time=53ms
[INFO] Calculating CPD for 3 files
[INFO] CPD calculation finished
[INFO] Analysis report generated in 610ms, dir size=59 KB
[INFO] Analysis reports compressed in 142ms, zip size=23 KB
[INFO] Analysis report uploaded in 64ms
[INFO] ANALYSIS SUCCESSFUL, you can browse http://localhost:9000/dashboard?id=org.springframework.boot%3Aspring-boot-sample-atmosphere
[INFO] Note that you will be able to access the updated dashboard once the server has processed the submitted analysis report
[INFO] More about the report processing at http://localhost:9000/api/ce/task?id=AWZh8QQiPB8Y93iJhKB-
[INFO] Task total time: 16.330 s
[INFO] ------------------------------------------------------------------------
[INFO] BUILD SUCCESS
[INFO] ------------------------------------------------------------------------
[INFO] Total time: 22.319 s
[INFO] Finished at: 2018-10-11T12:34:37+05:30
[INFO] ------------------------------------------------------------------------
