[deepu-pipeline] Running shell script
+ mvn -f spring-boot-samples/spring-boot-sample-atmosphere/pom.xml package
[INFO] Scanning for projects...
[INFO] 
[INFO] -------< org.springframework.boot:spring-boot-sample-atmosphere >-------
[INFO] Building Spring Boot Atmosphere Sample 1.4.0.BUILD-SNAPSHOT
[INFO] --------------------------------[ jar ]---------------------------------
[INFO] 
[INFO] --- jacoco-maven-plugin:0.7.7.201606060606:prepare-agent (default-prepare-agent) @ spring-boot-sample-atmosphere ---
[INFO] argLine set to -javaagent:/Users/ravikiranmaroju/.m2/repository/org/jacoco/org.jacoco.agent/0.7.7.201606060606/org.jacoco.agent-0.7.7.201606060606-runtime.jar=destfile=/Users/ravikiranmaroju/.jenkins/workspace/deepu-pipeline/spring-boot-samples/spring-boot-sample-atmosphere/target/jacoco.exec
[INFO] 
[INFO] --- maven-resources-plugin:2.6:resources (default-resources) @ spring-boot-sample-atmosphere ---
[INFO] Using 'UTF-8' encoding to copy filtered resources.
[INFO] Copying 1 resource
[INFO] Copying 3 resources
[INFO] 
[INFO] --- maven-compiler-plugin:3.1:compile (default-compile) @ spring-boot-sample-atmosphere ---
[INFO] Changes detected - recompiling the module!
[INFO] Compiling 3 source files to /Users/ravikiranmaroju/.jenkins/workspace/deepu-pipeline/spring-boot-samples/spring-boot-sample-atmosphere/target/classes
[INFO] 
[INFO] --- maven-resources-plugin:2.6:testResources (default-testResources) @ spring-boot-sample-atmosphere ---
[INFO] Using 'UTF-8' encoding to copy filtered resources.
[INFO] skip non existing resourceDirectory /Users/ravikiranmaroju/.jenkins/workspace/deepu-pipeline/spring-boot-samples/spring-boot-sample-atmosphere/src/test/resources
[INFO] 
[INFO] --- maven-compiler-plugin:3.1:testCompile (default-testCompile) @ spring-boot-sample-atmosphere ---
[INFO] Changes detected - recompiling the module!
[INFO] Compiling 1 source file to /Users/ravikiranmaroju/.jenkins/workspace/deepu-pipeline/spring-boot-samples/spring-boot-sample-atmosphere/target/test-classes
[INFO] 
[INFO] --- maven-surefire-plugin:2.18.1:test (default-test) @ spring-boot-sample-atmosphere ---
[INFO] Surefire report directory: /Users/ravikiranmaroju/.jenkins/workspace/deepu-pipeline/spring-boot-samples/spring-boot-sample-atmosphere/target/surefire-reports

-------------------------------------------------------
 T E S T S
-------------------------------------------------------
15:32:17.400 [main] DEBUG org.springframework.test.context.junit4.SpringJUnit4ClassRunner - SpringJUnit4ClassRunner constructor called with [class sample.atmosphere.SampleAtmosphereApplicationTests]
15:32:17.470 [main] DEBUG org.springframework.test.context.BootstrapUtils - Instantiating CacheAwareContextLoaderDelegate from class [org.springframework.test.context.cache.DefaultCacheAwareContextLoaderDelegate]
15:32:17.515 [main] DEBUG org.springframework.test.context.BootstrapUtils - Instantiating BootstrapContext using constructor [public org.springframework.test.context.support.DefaultBootstrapContext(java.lang.Class,org.springframework.test.context.CacheAwareContextLoaderDelegate)]
15:32:17.574 [main] DEBUG org.springframework.test.context.BootstrapUtils - Instantiating TestContextBootstrapper for test class [sample.atmosphere.SampleAtmosphereApplicationTests] from class [org.springframework.boot.test.context.SpringBootTestContextBootstrapper]
15:32:17.619 [main] INFO org.springframework.boot.test.context.SpringBootTestContextBootstrapper - Neither @ContextConfiguration nor @ContextHierarchy found for test class [sample.atmosphere.SampleAtmosphereApplicationTests], using SpringBootContextLoader
15:32:17.636 [main] DEBUG org.springframework.test.context.support.AbstractContextLoader - Did not detect default resource location for test class [sample.atmosphere.SampleAtmosphereApplicationTests]: class path resource [sample/atmosphere/SampleAtmosphereApplicationTests-context.xml] does not exist
15:32:17.637 [main] DEBUG org.springframework.test.context.support.AbstractContextLoader - Did not detect default resource location for test class [sample.atmosphere.SampleAtmosphereApplicationTests]: class path resource [sample/atmosphere/SampleAtmosphereApplicationTestsContext.groovy] does not exist
15:32:17.637 [main] INFO org.springframework.test.context.support.AbstractContextLoader - Could not detect default resource locations for test class [sample.atmosphere.SampleAtmosphereApplicationTests]: no resource found for suffixes {-context.xml, Context.groovy}.
15:32:17.753 [main] DEBUG org.springframework.test.context.support.ActiveProfilesUtils - Could not find an 'annotation declaring class' for annotation type [org.springframework.test.context.ActiveProfiles] and class [sample.atmosphere.SampleAtmosphereApplicationTests]
15:32:17.799 [main] DEBUG org.springframework.boot.test.context.SpringBootTestContextBootstrapper - @TestExecutionListeners is not present for class [sample.atmosphere.SampleAtmosphereApplicationTests]: using defaults.
15:32:17.805 [main] INFO org.springframework.boot.test.context.SpringBootTestContextBootstrapper - Loaded default TestExecutionListener class names from location [META-INF/spring.factories]: [org.springframework.boot.test.mock.mockito.MockitoTestExecutionListener, org.springframework.boot.test.mock.mockito.ResetMocksTestExecutionListener, org.springframework.boot.test.autoconfigure.AutoConfigureReportTestExecutionListener, org.springframework.boot.test.autoconfigure.restdocs.RestDocsTestExecutionListener, org.springframework.boot.test.autoconfigure.web.client.MockRestServiceServerResetTestExecutionListener, org.springframework.test.context.web.ServletTestExecutionListener, org.springframework.test.context.support.DirtiesContextBeforeModesTestExecutionListener, org.springframework.test.context.support.DependencyInjectionTestExecutionListener, org.springframework.test.context.support.DirtiesContextTestExecutionListener, org.springframework.test.context.transaction.TransactionalTestExecutionListener, org.springframework.test.context.jdbc.SqlScriptsTestExecutionListener]
15:32:17.828 [main] INFO org.springframework.boot.test.context.SpringBootTestContextBootstrapper - Could not instantiate TestExecutionListener [org.springframework.test.context.transaction.TransactionalTestExecutionListener]. Specify custom listener classes or make the default listener classes (and their required dependencies) available. Offending class: [org/springframework/transaction/interceptor/TransactionAttributeSource]
15:32:17.841 [main] INFO org.springframework.boot.test.context.SpringBootTestContextBootstrapper - Could not instantiate TestExecutionListener [org.springframework.test.context.jdbc.SqlScriptsTestExecutionListener]. Specify custom listener classes or make the default listener classes (and their required dependencies) available. Offending class: [org/springframework/transaction/interceptor/TransactionAttribute]
15:32:17.842 [main] INFO org.springframework.boot.test.context.SpringBootTestContextBootstrapper - Using TestExecutionListeners: [org.springframework.test.context.web.ServletTestExecutionListener@3eba57a7, org.springframework.test.context.support.DirtiesContextBeforeModesTestExecutionListener@272a179c, org.springframework.boot.test.autoconfigure.AutoConfigureReportTestExecutionListener@30feffc, org.springframework.test.context.support.DependencyInjectionTestExecutionListener@67207d8a, org.springframework.test.context.support.DirtiesContextTestExecutionListener@bcb09a6, org.springframework.boot.test.mock.mockito.MockitoTestExecutionListener@7c2a69b4, org.springframework.boot.test.autoconfigure.web.client.MockRestServiceServerResetTestExecutionListener@a619c2, org.springframework.boot.test.mock.mockito.ResetMocksTestExecutionListener@648ee871, org.springframework.boot.test.autoconfigure.restdocs.RestDocsTestExecutionListener@375b5b7f]
15:32:17.849 [main] DEBUG org.springframework.test.annotation.ProfileValueUtils - Retrieved @ProfileValueSourceConfiguration [null] for test class [sample.atmosphere.SampleAtmosphereApplicationTests]
15:32:17.851 [main] DEBUG org.springframework.test.annotation.ProfileValueUtils - Retrieved ProfileValueSource type [class org.springframework.test.annotation.SystemProfileValueSource] for class [sample.atmosphere.SampleAtmosphereApplicationTests]
Running sample.atmosphere.SampleAtmosphereApplicationTests
15:32:17.860 [main] DEBUG org.springframework.test.context.junit4.SpringJUnit4ClassRunner - SpringJUnit4ClassRunner constructor called with [class sample.atmosphere.SampleAtmosphereApplicationTests]
15:32:17.860 [main] DEBUG org.springframework.test.context.BootstrapUtils - Instantiating CacheAwareContextLoaderDelegate from class [org.springframework.test.context.cache.DefaultCacheAwareContextLoaderDelegate]
15:32:17.861 [main] DEBUG org.springframework.test.context.BootstrapUtils - Instantiating BootstrapContext using constructor [public org.springframework.test.context.support.DefaultBootstrapContext(java.lang.Class,org.springframework.test.context.CacheAwareContextLoaderDelegate)]
15:32:17.861 [main] DEBUG org.springframework.test.context.BootstrapUtils - Instantiating TestContextBootstrapper for test class [sample.atmosphere.SampleAtmosphereApplicationTests] from class [org.springframework.boot.test.context.SpringBootTestContextBootstrapper]
15:32:17.862 [main] INFO org.springframework.boot.test.context.SpringBootTestContextBootstrapper - Neither @ContextConfiguration nor @ContextHierarchy found for test class [sample.atmosphere.SampleAtmosphereApplicationTests], using SpringBootContextLoader
15:32:17.864 [main] DEBUG org.springframework.test.context.support.AbstractContextLoader - Did not detect default resource location for test class [sample.atmosphere.SampleAtmosphereApplicationTests]: class path resource [sample/atmosphere/SampleAtmosphereApplicationTests-context.xml] does not exist
15:32:17.865 [main] DEBUG org.springframework.test.context.support.AbstractContextLoader - Did not detect default resource location for test class [sample.atmosphere.SampleAtmosphereApplicationTests]: class path resource [sample/atmosphere/SampleAtmosphereApplicationTestsContext.groovy] does not exist
15:32:17.866 [main] INFO org.springframework.test.context.support.AbstractContextLoader - Could not detect default resource locations for test class [sample.atmosphere.SampleAtmosphereApplicationTests]: no resource found for suffixes {-context.xml, Context.groovy}.
15:32:17.875 [main] DEBUG org.springframework.test.context.support.ActiveProfilesUtils - Could not find an 'annotation declaring class' for annotation type [org.springframework.test.context.ActiveProfiles] and class [sample.atmosphere.SampleAtmosphereApplicationTests]
15:32:17.881 [main] DEBUG org.springframework.boot.test.context.SpringBootTestContextBootstrapper - @TestExecutionListeners is not present for class [sample.atmosphere.SampleAtmosphereApplicationTests]: using defaults.
15:32:17.885 [main] INFO org.springframework.boot.test.context.SpringBootTestContextBootstrapper - Loaded default TestExecutionListener class names from location [META-INF/spring.factories]: [org.springframework.boot.test.mock.mockito.MockitoTestExecutionListener, org.springframework.boot.test.mock.mockito.ResetMocksTestExecutionListener, org.springframework.boot.test.autoconfigure.AutoConfigureReportTestExecutionListener, org.springframework.boot.test.autoconfigure.restdocs.RestDocsTestExecutionListener, org.springframework.boot.test.autoconfigure.web.client.MockRestServiceServerResetTestExecutionListener, org.springframework.test.context.web.ServletTestExecutionListener, org.springframework.test.context.support.DirtiesContextBeforeModesTestExecutionListener, org.springframework.test.context.support.DependencyInjectionTestExecutionListener, org.springframework.test.context.support.DirtiesContextTestExecutionListener, org.springframework.test.context.transaction.TransactionalTestExecutionListener, org.springframework.test.context.jdbc.SqlScriptsTestExecutionListener]
15:32:17.887 [main] INFO org.springframework.boot.test.context.SpringBootTestContextBootstrapper - Could not instantiate TestExecutionListener [org.springframework.test.context.transaction.TransactionalTestExecutionListener]. Specify custom listener classes or make the default listener classes (and their required dependencies) available. Offending class: [org/springframework/transaction/interceptor/TransactionAttributeSource]
15:32:17.888 [main] INFO org.springframework.boot.test.context.SpringBootTestContextBootstrapper - Could not instantiate TestExecutionListener [org.springframework.test.context.jdbc.SqlScriptsTestExecutionListener]. Specify custom listener classes or make the default listener classes (and their required dependencies) available. Offending class: [org/springframework/transaction/interceptor/TransactionAttribute]
15:32:17.889 [main] INFO org.springframework.boot.test.context.SpringBootTestContextBootstrapper - Using TestExecutionListeners: [org.springframework.test.context.web.ServletTestExecutionListener@1a5b8489, org.springframework.test.context.support.DirtiesContextBeforeModesTestExecutionListener@6f8f8a80, org.springframework.boot.test.autoconfigure.AutoConfigureReportTestExecutionListener@4b1c0397, org.springframework.test.context.support.DependencyInjectionTestExecutionListener@72805168, org.springframework.test.context.support.DirtiesContextTestExecutionListener@34b9fc7d, org.springframework.boot.test.mock.mockito.MockitoTestExecutionListener@27f1bbe0, org.springframework.boot.test.autoconfigure.web.client.MockRestServiceServerResetTestExecutionListener@cda0432, org.springframework.boot.test.mock.mockito.ResetMocksTestExecutionListener@7c211fd0, org.springframework.boot.test.autoconfigure.restdocs.RestDocsTestExecutionListener@7004e3d]
15:32:17.889 [main] DEBUG org.springframework.test.annotation.ProfileValueUtils - Retrieved @ProfileValueSourceConfiguration [null] for test class [sample.atmosphere.SampleAtmosphereApplicationTests]
15:32:17.890 [main] DEBUG org.springframework.test.annotation.ProfileValueUtils - Retrieved ProfileValueSource type [class org.springframework.test.annotation.SystemProfileValueSource] for class [sample.atmosphere.SampleAtmosphereApplicationTests]
15:32:17.892 [main] DEBUG org.springframework.test.annotation.ProfileValueUtils - Retrieved @ProfileValueSourceConfiguration [null] for test class [sample.atmosphere.SampleAtmosphereApplicationTests]
15:32:17.892 [main] DEBUG org.springframework.test.annotation.ProfileValueUtils - Retrieved ProfileValueSource type [class org.springframework.test.annotation.SystemProfileValueSource] for class [sample.atmosphere.SampleAtmosphereApplicationTests]
15:32:17.904 [main] DEBUG org.springframework.test.context.support.AbstractDirtiesContextTestExecutionListener - Before test class: context [DefaultTestContext@1917d90f testClass = SampleAtmosphereApplicationTests, testInstance = [null], testMethod = [null], testException = [null], mergedContextConfiguration = [WebMergedContextConfiguration@66bfd864 testClass = SampleAtmosphereApplicationTests, locations = '{}', classes = '{class sample.atmosphere.SampleAtmosphereApplication, class sample.atmosphere.SampleAtmosphereApplication}', contextInitializerClasses = '[]', activeProfiles = '{}', propertySourceLocations = '{}', propertySourceProperties = '{org.springframework.boot.test.context.SpringBootTestContextBootstrapper=true, server.port=0}', contextCustomizers = set[org.springframework.boot.test.context.SpringBootTestContextCustomizer@54e7391d, org.springframework.boot.test.context.filter.ExcludeFilterContextCustomizer@29d2d081, org.springframework.boot.test.mock.mockito.MockitoContextCustomizer@0, org.springframework.boot.test.autoconfigure.properties.PropertyMappingContextCustomizer@0], resourceBasePath = 'src/main/webapp', contextLoader = 'org.springframework.boot.test.context.SpringBootContextLoader', parent = [null]]], class annotated with @DirtiesContext [true] with mode [AFTER_CLASS].
15:32:17.906 [main] DEBUG org.springframework.test.annotation.ProfileValueUtils - Retrieved @ProfileValueSourceConfiguration [null] for test class [sample.atmosphere.SampleAtmosphereApplicationTests]
15:32:17.906 [main] DEBUG org.springframework.test.annotation.ProfileValueUtils - Retrieved ProfileValueSource type [class org.springframework.test.annotation.SystemProfileValueSource] for class [sample.atmosphere.SampleAtmosphereApplicationTests]
15:32:17.909 [main] DEBUG org.springframework.test.context.support.DependencyInjectionTestExecutionListener - Performing dependency injection for test context [[DefaultTestContext@1917d90f testClass = SampleAtmosphereApplicationTests, testInstance = sample.atmosphere.SampleAtmosphereApplicationTests@783ec989, testMethod = [null], testException = [null], mergedContextConfiguration = [WebMergedContextConfiguration@66bfd864 testClass = SampleAtmosphereApplicationTests, locations = '{}', classes = '{class sample.atmosphere.SampleAtmosphereApplication, class sample.atmosphere.SampleAtmosphereApplication}', contextInitializerClasses = '[]', activeProfiles = '{}', propertySourceLocations = '{}', propertySourceProperties = '{org.springframework.boot.test.context.SpringBootTestContextBootstrapper=true, server.port=0}', contextCustomizers = set[org.springframework.boot.test.context.SpringBootTestContextCustomizer@54e7391d, org.springframework.boot.test.context.filter.ExcludeFilterContextCustomizer@29d2d081, org.springframework.boot.test.mock.mockito.MockitoContextCustomizer@0, org.springframework.boot.test.autoconfigure.properties.PropertyMappingContextCustomizer@0], resourceBasePath = 'src/main/webapp', contextLoader = 'org.springframework.boot.test.context.SpringBootContextLoader', parent = [null]]]].
15:32:18.150 [main] DEBUG org.springframework.core.env.StandardEnvironment - Adding [systemProperties] PropertySource with lowest search precedence
15:32:18.153 [main] DEBUG org.springframework.core.env.StandardEnvironment - Adding [systemEnvironment] PropertySource with lowest search precedence
15:32:18.153 [main] DEBUG org.springframework.core.env.StandardEnvironment - Initialized StandardEnvironment with PropertySources [systemProperties,systemEnvironment]
15:32:18.156 [main] DEBUG org.springframework.test.context.support.TestPropertySourceUtils - Adding inlined properties to environment: {spring.jmx.enabled=false, org.springframework.boot.test.context.SpringBootTestContextBootstrapper=true, server.port=0}
15:32:18.158 [main] DEBUG org.springframework.core.env.StandardEnvironment - Adding [Inlined Test Properties] PropertySource with highest search precedence

  .   ____          _            __ _ _
 /\\ / ___'_ __ _ _(_)_ __  __ _ \ \ \ \
( ( )\___ | '_ | '_| | '_ \/ _` | \ \ \ \
 \\/  ___)| |_)| | | | | || (_| |  ) ) ) )
  '  |____| .__|_| |_|_| |_\__, | / / / /
 =========|_|==============|___/=/_/_/_/
 :: Spring Boot ::  (v1.4.0.BUILD-SNAPSHOT)

2019-01-18 15:32:19.804  INFO 1860 --- [           main] s.a.SampleAtmosphereApplicationTests     : Starting SampleAtmosphereApplicationTests on Macbook-Air.local with PID 1860 (started by ravikiranmaroju in /Users/ravikiranmaroju/.jenkins/workspace/deepu-pipeline/spring-boot-samples/spring-boot-sample-atmosphere)
2019-01-18 15:32:19.806  INFO 1860 --- [           main] s.a.SampleAtmosphereApplicationTests     : No active profile set, falling back to default profiles: default
2019-01-18 15:32:19.907  INFO 1860 --- [           main] ationConfigEmbeddedWebApplicationContext : Refreshing org.springframework.boot.context.embedded.AnnotationConfigEmbeddedWebApplicationContext@6054ac20: startup date [Fri Jan 18 15:32:19 IST 2019]; root of context hierarchy
2019-01-18 15:32:21.945  INFO 1860 --- [           main] f.a.AutowiredAnnotationBeanPostProcessor : JSR-330 'javax.inject.Inject' annotation found and supported for autowiring
2019-01-18 15:32:23.057  INFO 1860 --- [           main] s.b.c.e.t.TomcatEmbeddedServletContainer : Tomcat initialized with port(s): 0 (http)
2019-01-18 15:32:23.091  INFO 1860 --- [           main] o.apache.catalina.core.StandardService   : Starting service Tomcat
2019-01-18 15:32:23.094  INFO 1860 --- [           main] org.apache.catalina.core.StandardEngine  : Starting Servlet Engine: Apache Tomcat/8.5.4
2019-01-18 15:32:23.318  INFO 1860 --- [ost-startStop-1] o.a.c.c.C.[Tomcat].[localhost].[/]       : Initializing Spring embedded WebApplicationContext
2019-01-18 15:32:23.319  INFO 1860 --- [ost-startStop-1] o.s.web.context.ContextLoader            : Root WebApplicationContext: initialization completed in 3416 ms
2019-01-18 15:32:23.635  INFO 1860 --- [ost-startStop-1] o.s.b.w.servlet.ServletRegistrationBean  : Mapping servlet: 'atmosphereServlet' to [/chat/*]
2019-01-18 15:32:23.641  INFO 1860 --- [ost-startStop-1] o.s.b.w.servlet.ServletRegistrationBean  : Mapping servlet: 'dispatcherServlet' to [/home/*]
2019-01-18 15:32:23.642  INFO 1860 --- [ost-startStop-1] o.a.c.c.C.[Tomcat].[localhost].[/]       : Initializing AtmosphereFramework
2019-01-18 15:32:23.763  INFO 1860 --- [ost-startStop-1] o.s.b.w.servlet.FilterRegistrationBean   : Mapping filter: 'characterEncodingFilter' to: [/*]
2019-01-18 15:32:23.765  INFO 1860 --- [ost-startStop-1] o.s.b.w.servlet.FilterRegistrationBean   : Mapping filter: 'hiddenHttpMethodFilter' to: [/*]
2019-01-18 15:32:23.765  INFO 1860 --- [ost-startStop-1] o.s.b.w.servlet.FilterRegistrationBean   : Mapping filter: 'httpPutFormContentFilter' to: [/*]
2019-01-18 15:32:23.765  INFO 1860 --- [ost-startStop-1] o.s.b.w.servlet.FilterRegistrationBean   : Mapping filter: 'requestContextFilter' to: [/*]
2019-01-18 15:32:24.444  INFO 1860 --- [           main] s.w.s.m.m.a.RequestMappingHandlerAdapter : Looking for @ControllerAdvice: org.springframework.boot.context.embedded.AnnotationConfigEmbeddedWebApplicationContext@6054ac20: startup date [Fri Jan 18 15:32:19 IST 2019]; root of context hierarchy
2019-01-18 15:32:24.655  INFO 1860 --- [           main] s.w.s.m.m.a.RequestMappingHandlerMapping : Mapped "{[/error]}" onto public org.springframework.http.ResponseEntity<java.util.Map<java.lang.String, java.lang.Object>> org.springframework.boot.autoconfigure.web.BasicErrorController.error(javax.servlet.http.HttpServletRequest)
2019-01-18 15:32:24.658  INFO 1860 --- [           main] s.w.s.m.m.a.RequestMappingHandlerMapping : Mapped "{[/error],produces=[text/html]}" onto public org.springframework.web.servlet.ModelAndView org.springframework.boot.autoconfigure.web.BasicErrorController.errorHtml(javax.servlet.http.HttpServletRequest,javax.servlet.http.HttpServletResponse)
2019-01-18 15:32:24.693  INFO 1860 --- [           main] o.s.w.s.handler.SimpleUrlHandlerMapping  : Root mapping to handler of type [class org.springframework.web.servlet.mvc.ParameterizableViewController]
2019-01-18 15:32:24.720  INFO 1860 --- [           main] o.s.w.s.handler.SimpleUrlHandlerMapping  : Mapped URL path [/webjars/**] onto handler of type [class org.springframework.web.servlet.resource.ResourceHttpRequestHandler]
2019-01-18 15:32:24.720  INFO 1860 --- [           main] o.s.w.s.handler.SimpleUrlHandlerMapping  : Mapped URL path [/**] onto handler of type [class org.springframework.web.servlet.resource.ResourceHttpRequestHandler]
2019-01-18 15:32:24.801  INFO 1860 --- [           main] o.s.w.s.handler.SimpleUrlHandlerMapping  : Mapped URL path [/**/favicon.ico] onto handler of type [class org.springframework.web.servlet.resource.ResourceHttpRequestHandler]
2019-01-18 15:32:25.153  INFO 1860 --- [           main] org.atmosphere.util.IOUtils              : META-INF/services/org.atmosphere.cpr.AtmosphereFramework not found in class loader
2019-01-18 15:32:25.349  INFO 1860 --- [           main] org.atmosphere.cpr.AtmosphereFramework   : Atmosphere is using org.atmosphere.cpr.DefaultAnnotationProcessor for processing annotation
2019-01-18 15:32:25.350  INFO 1860 --- [           main] o.a.cpr.DefaultAnnotationProcessor       : AnnotationProcessor class org.atmosphere.cpr.DefaultAnnotationProcessor$BytecodeBasedAnnotationProcessor being used
2019-01-18 15:32:25.399  INFO 1860 --- [           main] org.atmosphere.cpr.AnnotationHandler     : Found Annotation in class sample.atmosphere.ChatService being scanned: interface org.atmosphere.config.service.ManagedService
2019-01-18 15:32:25.460  INFO 1860 --- [           main] org.atmosphere.cpr.AtmosphereFramework   : Installed AtmosphereHandler org.atmosphere.config.managed.ManagedAtmosphereHandler mapped to context-path /chat and Broadcaster Class org.atmosphere.cpr.DefaultBroadcaster
2019-01-18 15:32:25.460  INFO 1860 --- [           main] org.atmosphere.cpr.AtmosphereFramework   : Installed AtmosphereInterceptor [@ManagedService Interceptor, Atmosphere LifeCycle,  Track Message Size Interceptor using |, UUID Tracking Interceptor] mapped to AtmosphereHandler org.atmosphere.config.managed.ManagedAtmosphereHandler
2019-01-18 15:32:25.470  INFO 1860 --- [           main] org.atmosphere.cpr.AtmosphereFramework   : Auto detecting WebSocketHandler in /WEB-INF/classes/
2019-01-18 15:32:25.471  INFO 1860 --- [           main] org.atmosphere.cpr.AtmosphereFramework   : Installed WebSocketProtocol org.atmosphere.websocket.protocol.SimpleHttpProtocol 
2019-01-18 15:32:25.483  INFO 1860 --- [           main] o.a.container.JSR356AsyncSupport         : JSR 356 Mapping path /chat
2019-01-18 15:32:25.517  INFO 1860 --- [           main] org.atmosphere.cpr.AtmosphereFramework   : Installing Default AtmosphereInterceptor
2019-01-18 15:32:25.518  INFO 1860 --- [           main] org.atmosphere.cpr.AtmosphereFramework   : 	org.atmosphere.interceptor.CorsInterceptor : CORS Interceptor Support
2019-01-18 15:32:25.518  INFO 1860 --- [           main] org.atmosphere.cpr.AtmosphereFramework   : 	org.atmosphere.interceptor.CacheHeadersInterceptor : Default Response's Headers Interceptor
2019-01-18 15:32:25.520  INFO 1860 --- [           main] org.atmosphere.cpr.AtmosphereFramework   : 	org.atmosphere.interceptor.PaddingAtmosphereInterceptor : Browser Padding Interceptor Support
2019-01-18 15:32:25.521  INFO 1860 --- [           main] org.atmosphere.cpr.AtmosphereFramework   : 	org.atmosphere.interceptor.AndroidAtmosphereInterceptor : Android Interceptor Support
2019-01-18 15:32:25.522  INFO 1860 --- [           main] org.atmosphere.cpr.AtmosphereFramework   : 	org.atmosphere.interceptor.HeartbeatInterceptor : Heartbeat Interceptor Support
2019-01-18 15:32:25.523  INFO 1860 --- [           main] org.atmosphere.cpr.AtmosphereFramework   : 	org.atmosphere.interceptor.SSEAtmosphereInterceptor : SSE Interceptor Support
2019-01-18 15:32:25.524  INFO 1860 --- [           main] org.atmosphere.cpr.AtmosphereFramework   : 	org.atmosphere.interceptor.JSONPAtmosphereInterceptor : JSONP Interceptor Support
2019-01-18 15:32:25.526  INFO 1860 --- [           main] org.atmosphere.cpr.AtmosphereFramework   : 	org.atmosphere.interceptor.JavaScriptProtocol : Atmosphere JavaScript Protocol
2019-01-18 15:32:25.526  INFO 1860 --- [           main] org.atmosphere.cpr.AtmosphereFramework   : 	org.atmosphere.interceptor.WebSocketMessageSuspendInterceptor : org.atmosphere.interceptor.WebSocketMessageSuspendInterceptor
2019-01-18 15:32:25.527  INFO 1860 --- [           main] org.atmosphere.cpr.AtmosphereFramework   : 	org.atmosphere.interceptor.OnDisconnectInterceptor : Browser disconnection detection
2019-01-18 15:32:25.528  INFO 1860 --- [           main] org.atmosphere.cpr.AtmosphereFramework   : 	org.atmosphere.interceptor.IdleResourceInterceptor : org.atmosphere.interceptor.IdleResourceInterceptor
2019-01-18 15:32:25.528  INFO 1860 --- [           main] org.atmosphere.cpr.AtmosphereFramework   : Set org.atmosphere.cpr.AtmosphereInterceptor.disableDefaults to disable them.
2019-01-18 15:32:25.539  INFO 1860 --- [           main] o.a.interceptor.HeartbeatInterceptor     : HeartbeatInterceptor configured with padding value ' ', client frequency 60 seconds and server frequency 10 seconds
2019-01-18 15:32:25.541  INFO 1860 --- [           main] org.atmosphere.cpr.AtmosphereFramework   : Using EndpointMapper class org.atmosphere.util.DefaultEndpointMapper
2019-01-18 15:32:25.541  INFO 1860 --- [           main] org.atmosphere.cpr.AtmosphereFramework   : Using BroadcasterCache: org.atmosphere.cache.UUIDBroadcasterCache
2019-01-18 15:32:25.542  INFO 1860 --- [           main] org.atmosphere.cpr.AtmosphereFramework   : Default Broadcaster Class: org.atmosphere.cpr.DefaultBroadcaster
2019-01-18 15:32:25.543  INFO 1860 --- [           main] org.atmosphere.cpr.AtmosphereFramework   : Broadcaster Polling Wait Time 100
2019-01-18 15:32:25.543  INFO 1860 --- [           main] org.atmosphere.cpr.AtmosphereFramework   : Shared ExecutorService supported: true
2019-01-18 15:32:25.544  INFO 1860 --- [           main] org.atmosphere.cpr.AtmosphereFramework   : Messaging Thread Pool Size: Unlimited
2019-01-18 15:32:25.544  INFO 1860 --- [           main] org.atmosphere.cpr.AtmosphereFramework   : Async I/O Thread Pool Size: 200
2019-01-18 15:32:25.547  INFO 1860 --- [           main] org.atmosphere.cpr.AtmosphereFramework   : Using BroadcasterFactory: org.atmosphere.cpr.DefaultBroadcasterFactory
2019-01-18 15:32:25.548  INFO 1860 --- [           main] org.atmosphere.cpr.AtmosphereFramework   : Using WebSocketProcessor: org.atmosphere.websocket.DefaultWebSocketProcessor
2019-01-18 15:32:25.561  INFO 1860 --- [           main] org.atmosphere.cpr.AtmosphereFramework   : Invoke AtmosphereInterceptor on WebSocket message true
2019-01-18 15:32:25.561  INFO 1860 --- [           main] org.atmosphere.cpr.AtmosphereFramework   : HttpSession supported: false
2019-01-18 15:32:25.561  INFO 1860 --- [           main] org.atmosphere.cpr.AtmosphereFramework   : Atmosphere is using DefaultAtmosphereObjectFactory for dependency injection and object creation
2019-01-18 15:32:25.561  INFO 1860 --- [           main] org.atmosphere.cpr.AtmosphereFramework   : Atmosphere is using async support: org.atmosphere.container.JSR356AsyncSupport running under container: Apache Tomcat/8.5.4 using javax.servlet/3.0 and jsr356/WebSocket API
2019-01-18 15:32:25.563  INFO 1860 --- [           main] org.atmosphere.cpr.AtmosphereFramework   : Atmosphere Framework 2.2.4 started.
2019-01-18 15:32:25.564  INFO 1860 --- [           main] org.atmosphere.cpr.AtmosphereFramework   : 

	For Atmosphere Framework Commercial Support, visit 
	http://www.async-io.org/ or send an email to support@async-io.org

2019-01-18 15:32:25.574  INFO 1860 --- [           main] s.b.c.e.t.TomcatEmbeddedServletContainer : Tomcat started on port(s): 54470 (http)
2019-01-18 15:32:25.586  INFO 1860 --- [           main] s.a.SampleAtmosphereApplicationTests     : Started SampleAtmosphereApplicationTests in 7.421 seconds (JVM running for 9.472)

  .   ____          _            __ _ _
 /\\ / ___'_ __ _ _(_)_ __  __ _ \ \ \ \
( ( )\___ | '_ | '_| | '_ \/ _` | \ \ \ \
 \\/  ___)| |_)| | | | | || (_| |  ) ) ) )
  '  |____| .__|_| |_|_| |_\__, | / / / /
 =========|_|==============|___/=/_/_/_/
 :: Spring Boot ::  (v1.4.0.BUILD-SNAPSHOT)

2019-01-18 15:32:25.727  INFO 1860 --- [           main] o.a.maven.surefire.booter.ForkedBooter   : Starting ForkedBooter v2.18.1 on Macbook-Air.local with PID 1860 (started by ravikiranmaroju in /Users/ravikiranmaroju/.jenkins/workspace/deepu-pipeline/spring-boot-samples/spring-boot-sample-atmosphere)
2019-01-18 15:32:25.727  INFO 1860 --- [           main] o.a.maven.surefire.booter.ForkedBooter   : No active profile set, falling back to default profiles: default
2019-01-18 15:32:25.732  INFO 1860 --- [           main] s.c.a.AnnotationConfigApplicationContext : Refreshing org.springframework.context.annotation.AnnotationConfigApplicationContext@599e79b6: startup date [Fri Jan 18 15:32:25 IST 2019]; root of context hierarchy
2019-01-18 15:32:25.765  INFO 1860 --- [           main] f.a.AutowiredAnnotationBeanPostProcessor : JSR-330 'javax.inject.Inject' annotation found and supported for autowiring
2019-01-18 15:32:25.886  INFO 1860 --- [           main] o.s.c.support.DefaultLifecycleProcessor  : Starting beans in phase 2147483647
2019-01-18 15:32:25.886  INFO 1860 --- [           main] o.s.w.s.c.WebSocketConnectionManager     : Starting WebSocketConnectionManager
2019-01-18 15:32:25.887  INFO 1860 --- [           main] o.s.w.s.c.WebSocketConnectionManager     : Connecting to WebSocket at ws://localhost:54470/chat/websocket
2019-01-18 15:32:25.904  INFO 1860 --- [           main] s.a.SampleAtmosphereApplicationTests     : Waiting for response: latch=1
2019-01-18 15:32:26.150  INFO 1860 --- [cTaskExecutor-1] o.s.w.s.c.WebSocketConnectionManager     : Successfully connected
2019-01-18 15:32:26.203  INFO 1860 --- [o-auto-1-exec-1] sample.atmosphere.ChatService            : Connected
2019-01-18 15:32:26.341  INFO 1860 --- [o-auto-1-exec-1] sample.atmosphere.ChatService            : Author test sent message test
2019-01-18 15:32:26.411  INFO 1860 --- [       Thread-3] org.atmosphere.cpr.AtmosphereFramework   : Latest version of Atmosphere's JavaScript Client 2.3.8
2019-01-18 15:32:26.411  INFO 1860 --- [lient-AsyncIO-1] s.a.SampleAtmosphereApplicationTests     : Received: TextMessage payload=[55|{"messa..], byteCount=58, last=true] (1)
2019-01-18 15:32:26.412  INFO 1860 --- [       Thread-3] org.atmosphere.cpr.AtmosphereFramework   : 

	Atmosphere Framework Updates
	Minor available (bugs fixes): 2.2.13-EOL-CVE
	Major available (new features): 2.5.2
2019-01-18 15:32:26.413  INFO 1860 --- [           main] s.a.SampleAtmosphereApplicationTests     : Got response: 55|{"message":"test","author":"test","time":1547805746341}
2019-01-18 15:32:26.414  INFO 1860 --- [           main] o.a.maven.surefire.booter.ForkedBooter   : Started ForkedBooter in 0.773 seconds (JVM running for 10.301)
2019-01-18 15:32:26.415  INFO 1860 --- [           main] s.c.a.AnnotationConfigApplicationContext : Closing org.springframework.context.annotation.AnnotationConfigApplicationContext@599e79b6: startup date [Fri Jan 18 15:32:25 IST 2019]; root of context hierarchy
2019-01-18 15:32:26.417  INFO 1860 --- [           main] o.s.c.support.DefaultLifecycleProcessor  : Stopping beans in phase 2147483647
2019-01-18 15:32:26.418  INFO 1860 --- [           main] o.s.w.s.c.WebSocketConnectionManager     : Stopping WebSocketConnectionManager
2019-01-18 15:32:26.419  INFO 1860 --- [o-auto-1-exec-3] sample.atmosphere.ChatService            : Client d6091b37-bd65-4447-b2b0-eefea8f1c8a3 disconnected [cancelled]
2019-01-18 15:32:26.551  INFO 1860 --- [           main] ationConfigEmbeddedWebApplicationContext : Closing org.springframework.boot.context.embedded.AnnotationConfigEmbeddedWebApplicationContext@6054ac20: startup date [Fri Jan 18 15:32:19 IST 2019]; root of context hierarchy
Tests run: 1, Failures: 0, Errors: 0, Skipped: 0, Time elapsed: 8.765 sec - in sample.atmosphere.SampleAtmosphereApplicationTests

Results :

Tests run: 1, Failures: 0, Errors: 0, Skipped: 0

[INFO] 
[INFO] --- jacoco-maven-plugin:0.7.7.201606060606:report (default-report) @ spring-boot-sample-atmosphere ---
[INFO] Loading execution data file /Users/ravikiranmaroju/.jenkins/workspace/deepu-pipeline/spring-boot-samples/spring-boot-sample-atmosphere/target/jacoco.exec
[INFO] Analyzed bundle 'Spring Boot Atmosphere Sample' with 6 classes
[INFO] 
[INFO] --- maven-jar-plugin:2.6:jar (default-jar) @ spring-boot-sample-atmosphere ---
[INFO] Building jar: /Users/ravikiranmaroju/.jenkins/workspace/deepu-pipeline/spring-boot-samples/spring-boot-sample-atmosphere/target/spring-boot-sample-atmosphere-1.4.0.BUILD-SNAPSHOT.jar
[INFO] 
[INFO] --- spring-boot-maven-plugin:1.4.0.BUILD-SNAPSHOT:repackage (default) @ spring-boot-sample-atmosphere ---
[INFO] ------------------------------------------------------------------------
[INFO] BUILD SUCCESS
[INFO] ------------------------------------------------------------------------
[INFO] Total time: 18.146 s
[INFO] Finished at: 2019-01-18T15:32:29+05:30
[INFO] ------------------------------------------------------------------------
