[deepu-pipeline] Running shell script
+ mvn -f spring-boot-samples/spring-boot-sample-atmosphere/pom.xml sonar:sonar -Dsonar.host.url=http://localhost:9000 -Dsonar.login=fbdac287206fba6fd2d9f40b00721cdef0db7204
[INFO] Scanning for projects...
[WARNING] The POM for org.eclipse.m2e:lifecycle-mapping:jar:1.0.0 is missing, no dependency information available
[WARNING] Failed to retrieve plugin descriptor for org.eclipse.m2e:lifecycle-mapping:1.0.0: Plugin org.eclipse.m2e:lifecycle-mapping:1.0.0 or one of its dependencies could not be resolved: Failure to find org.eclipse.m2e:lifecycle-mapping:jar:1.0.0 in http://repo.spring.io/snapshot was cached in the local repository, resolution will not be reattempted until the update interval of spring-snapshots has elapsed or updates are forced
[INFO] 
[INFO] -------< org.springframework.boot:spring-boot-sample-atmosphere >-------
[INFO] Building Spring Boot Atmosphere Sample 1.4.0.BUILD-SNAPSHOT
[INFO] --------------------------------[ jar ]---------------------------------
[WARNING] The POM for org.eclipse.m2e:lifecycle-mapping:jar:1.0.0 is missing, no dependency information available
[WARNING] Failed to retrieve plugin descriptor for org.eclipse.m2e:lifecycle-mapping:1.0.0: Plugin org.eclipse.m2e:lifecycle-mapping:1.0.0 or one of its dependencies could not be resolved: Failure to find org.eclipse.m2e:lifecycle-mapping:jar:1.0.0 in http://repo.spring.io/snapshot was cached in the local repository, resolution will not be reattempted until the update interval of spring-snapshots has elapsed or updates are forced
[INFO] 
[INFO] --- sonar-maven-plugin:3.5.0.1254:sonar (default-cli) @ spring-boot-sample-atmosphere ---
[INFO] User cache: /Users/ravikiranmaroju/.sonar/cache
[INFO] SonarQube version: 7.4.0
[INFO] Default locale: "en_GB", source code encoding: "UTF-8"
[INFO] Publish mode
[INFO] Load global settings
[INFO] Load global settings (done) | time=233ms
[INFO] Server id: BF41A1F2-AWd1s_fkq8zsX19aN9Zv
[INFO] User cache: /Users/ravikiranmaroju/.sonar/cache
[INFO] Load/download plugins
[INFO] Load plugins index
[INFO] Load plugins index (done) | time=131ms
[INFO] Load/download plugins (done) | time=205ms
[INFO] Loaded core extensions: 
[INFO] Process project properties
[INFO] Load project repositories
[INFO] Load project repositories (done) | time=221ms
[INFO] Load quality profiles
[INFO] Load quality profiles (done) | time=150ms
[INFO] Load active rules
[INFO] Load active rules (done) | time=1654ms
[INFO] Load metrics repository
[INFO] Load metrics repository (done) | time=28ms
[INFO] Project key: org.springframework.boot:spring-boot-sample-atmosphere
[INFO] Project base dir: /Users/ravikiranmaroju/.jenkins/workspace/deepu-pipeline/spring-boot-samples/spring-boot-sample-atmosphere
[INFO] -------------  Scan Spring Boot Atmosphere Sample
[INFO] Base dir: /Users/ravikiranmaroju/.jenkins/workspace/deepu-pipeline/spring-boot-samples/spring-boot-sample-atmosphere
[INFO] Working dir: /Users/ravikiranmaroju/.jenkins/workspace/deepu-pipeline/spring-boot-samples/spring-boot-sample-atmosphere/target/sonar
[INFO] Source paths: pom.xml, src/main/java
[INFO] Test paths: src/test/java
[INFO] Source encoding: UTF-8, default locale: en_GB
[INFO] Load server rules
[INFO] Load server rules (done) | time=334ms
[INFO] Index files
[INFO] 5 files indexed
[INFO] Quality profile for java: Sonar way
[INFO] Quality profile for xml: Sonar way
[INFO] Sensor JavaSquidSensor [java]
[INFO] Configured Java source version (sonar.java.source): 8
[INFO] JavaClasspath initialization
[INFO] JavaClasspath initialization (done) | time=31ms
[INFO] JavaTestClasspath initialization
[INFO] JavaTestClasspath initialization (done) | time=6ms
[INFO] Java Main Files AST scan
[INFO] 3 source files to be analyzed
[INFO] 3/3 source files have been analyzed
[INFO] Java Main Files AST scan (done) | time=1490ms
[INFO] Java Test Files AST scan
[INFO] 1 source files to be analyzed
[INFO] 1/1 source files have been analyzed
[INFO] Java Test Files AST scan (done) | time=213ms
[INFO] Sensor JavaSquidSensor [java] (done) | time=3152ms
[INFO] Sensor JaCoCo XML Report Importer [jacoco]
[INFO] Sensor JaCoCo XML Report Importer [jacoco] (done) | time=165ms
[INFO] Sensor SurefireSensor [java]
[INFO] parsing [/Users/ravikiranmaroju/.jenkins/workspace/deepu-pipeline/spring-boot-samples/spring-boot-sample-atmosphere/target/surefire-reports]
[INFO] Sensor SurefireSensor [java] (done) | time=63ms
[INFO] Sensor JaCoCoSensor [java]
[INFO] Analysing /Users/ravikiranmaroju/.jenkins/workspace/deepu-pipeline/spring-boot-samples/spring-boot-sample-atmosphere/target/jacoco.exec
[INFO] No information about coverage per test.
[INFO] Sensor JaCoCoSensor [java] (done) | time=163ms
[INFO] Sensor SonarJavaXmlFileSensor [java]
[INFO] 1 source files to be analyzed
[INFO] 1/1 source files have been analyzed
[INFO] Sensor SonarJavaXmlFileSensor [java] (done) | time=801ms
[INFO] Sensor XML Sensor [xml]
[WARNING] Metric 'comment_lines_data' is deprecated. Provided value is ignored.
[INFO] Sensor XML Sensor [xml] (done) | time=227ms
[INFO] Sensor Zero Coverage Sensor
[INFO] Sensor Zero Coverage Sensor (done) | time=19ms
[INFO] Sensor Java CPD Block Indexer
[INFO] Sensor Java CPD Block Indexer (done) | time=34ms
[INFO] Calculating CPD for 3 files
[INFO] CPD calculation finished
[INFO] Analysis report generated in 325ms, dir size=63 KB
[INFO] Analysis reports compressed in 69ms, zip size=24 KB
[INFO] Analysis report uploaded in 117ms
[INFO] ANALYSIS SUCCESSFUL, you can browse http://localhost:9000/dashboard?id=org.springframework.boot%3Aspring-boot-sample-atmosphere
[INFO] Note that you will be able to access the updated dashboard once the server has processed the submitted analysis report
[INFO] More about the report processing at http://localhost:9000/api/ce/task?id=AWiA-tJi-1H5fo6RVuKj
[INFO] Task total time: 12.085 s
[INFO] ------------------------------------------------------------------------
[INFO] BUILD SUCCESS
[INFO] ------------------------------------------------------------------------
[INFO] Total time: 16.912 s
[INFO] Finished at: 2019-01-24T23:19:08+05:30
[INFO] ------------------------------------------------------------------------
