Cloning the remote Git repository
Cloning repository https://github.com/g0t4/jenkins2-course-spring-boot.git
 > git init /Users/ravikiranmaroju/.jenkins/workspace/deepu-pipeline # timeout=10
Fetching upstream changes from https://github.com/g0t4/jenkins2-course-spring-boot.git
 > git --version # timeout=10
 > git fetch --tags --progress https://github.com/g0t4/jenkins2-course-spring-boot.git +refs/heads/*:refs/remotes/origin/*
 > git config remote.origin.url https://github.com/g0t4/jenkins2-course-spring-boot.git # timeout=10
 > git config --add remote.origin.fetch +refs/heads/*:refs/remotes/origin/* # timeout=10
 > git config remote.origin.url https://github.com/g0t4/jenkins2-course-spring-boot.git # timeout=10
Fetching upstream changes from https://github.com/g0t4/jenkins2-course-spring-boot.git
 > git fetch --tags --progress https://github.com/g0t4/jenkins2-course-spring-boot.git +refs/heads/*:refs/remotes/origin/*
 > git rev-parse refs/remotes/origin/master^{commit} # timeout=10
 > git rev-parse refs/remotes/origin/origin/master^{commit} # timeout=10
Checking out Revision 4bde91e33e2860b2aab142028c04eff37b7791f2 (refs/remotes/origin/master)
 > git config core.sparsecheckout # timeout=10
 > git checkout -f 4bde91e33e2860b2aab142028c04eff37b7791f2
 > git branch -a -v --no-abbrev # timeout=10
 > git checkout -b master 4bde91e33e2860b2aab142028c04eff37b7791f2
Commit message: "Adding in jacoco code coverage"
 > git rev-list --no-walk 4bde91e33e2860b2aab142028c04eff37b7791f2 # timeout=10
