[deepu-pipeline] Running shell script
+ mvn -f spring-boot-samples/spring-boot-sample-atmosphere/pom.xml sonar:sonar -Dsonar.host.url=http://localhost:9000 -Dsonar.login=93041306e0c3726128b9516d26f5732f871fa0b9
[INFO] Scanning for projects...
[WARNING] The POM for org.eclipse.m2e:lifecycle-mapping:jar:1.0.0 is missing, no dependency information available
[WARNING] Failed to retrieve plugin descriptor for org.eclipse.m2e:lifecycle-mapping:1.0.0: Plugin org.eclipse.m2e:lifecycle-mapping:1.0.0 or one of its dependencies could not be resolved: Failure to find org.eclipse.m2e:lifecycle-mapping:jar:1.0.0 in http://repo.spring.io/snapshot was cached in the local repository, resolution will not be reattempted until the update interval of spring-snapshots has elapsed or updates are forced
[INFO] 
[INFO] -------< org.springframework.boot:spring-boot-sample-atmosphere >-------
[INFO] Building Spring Boot Atmosphere Sample 1.4.0.BUILD-SNAPSHOT
[INFO] --------------------------------[ jar ]---------------------------------
[WARNING] The POM for org.eclipse.m2e:lifecycle-mapping:jar:1.0.0 is missing, no dependency information available
[WARNING] Failed to retrieve plugin descriptor for org.eclipse.m2e:lifecycle-mapping:1.0.0: Plugin org.eclipse.m2e:lifecycle-mapping:1.0.0 or one of its dependencies could not be resolved: Failure to find org.eclipse.m2e:lifecycle-mapping:jar:1.0.0 in http://repo.spring.io/snapshot was cached in the local repository, resolution will not be reattempted until the update interval of spring-snapshots has elapsed or updates are forced
[INFO] 
[INFO] --- sonar-maven-plugin:3.5.0.1254:sonar (default-cli) @ spring-boot-sample-atmosphere ---
[INFO] User cache: /Users/ravikiranmaroju/.sonar/cache
[INFO] SonarQube version: 7.3.0
[INFO] Default locale: "en_IN", source code encoding: "UTF-8"
[INFO] Publish mode
[INFO] Load global settings
[INFO] Load global settings (done) | time=254ms
[INFO] Server id: BF41A1F2-AWZhvpZJPB8Y93iJhIT5
[INFO] User cache: /Users/ravikiranmaroju/.sonar/cache
[INFO] Load/download plugins
[INFO] Load plugins index
[INFO] Load plugins index (done) | time=136ms
[INFO] Load/download plugins (done) | time=209ms
[INFO] Loaded core extensions: 
[INFO] Process project properties
[INFO] Load project repositories
[INFO] Load project repositories (done) | time=373ms
[INFO] Load quality profiles
[INFO] Load quality profiles (done) | time=142ms
[INFO] Load active rules
[INFO] Load active rules (done) | time=1751ms
[INFO] Load metrics repository
[INFO] Load metrics repository (done) | time=33ms
[INFO] Project key: org.springframework.boot:spring-boot-sample-atmosphere
[INFO] Project base dir: /Users/ravikiranmaroju/.jenkins/workspace/deepu-pipeline/spring-boot-samples/spring-boot-sample-atmosphere
[INFO] -------------  Scan Spring Boot Atmosphere Sample
[INFO] Base dir: /Users/ravikiranmaroju/.jenkins/workspace/deepu-pipeline/spring-boot-samples/spring-boot-sample-atmosphere
[INFO] Working dir: /Users/ravikiranmaroju/.jenkins/workspace/deepu-pipeline/spring-boot-samples/spring-boot-sample-atmosphere/target/sonar
[INFO] Source paths: pom.xml, src/main/java
[INFO] Test paths: src/test/java
[INFO] Source encoding: UTF-8, default locale: en_IN
[INFO] Load server rules
[INFO] Load server rules (done) | time=336ms
[INFO] Index files
[INFO] 5 files indexed
[INFO] Quality profile for java: Sonar way
[INFO] Quality profile for xml: Sonar way
Sending interrupt signal to process
sh: line 1:  1720 Terminated: 15          JENKINS_SERVER_COOKIE=$jsc '/Users/ravikiranmaroju/.jenkins/workspace/deepu-pipeline@tmp/durable-bdb8127e/script.sh' > '/Users/ravikiranmaroju/.jenkins/workspace/deepu-pipeline@tmp/durable-bdb8127e/jenkins-log.txt' 2>&1
